<?xml version="1.0" encoding="UTF-8"?>
<!-- Generated by org.testng.reporters.JUnitReportReporter -->
<testsuite hostname="LAPTOP-43Q7UNA5" failures="0" tests="3" name="Apiautomation.Apiautomation.Exaples" time="15.954" errors="0" timestamp="10 Oct 2021 14:57:54 GMT" skipped="0">
  <testcase classname="Apiautomation.Apiautomation.Exaples" name="run" time="6.849"/>
  <testcase classname="Apiautomation.Apiautomation.Exaples" name="run" time="4.295"/>
  <testcase classname="Apiautomation.Apiautomation.Exaples" name="run" time="4.810"/>
</testsuite> <!-- Apiautomation.Apiautomation.Exaples -->
